Warning!  num_cntrs is more than num_mpx_cntrs
This system has 11 available PAPI counters
X: L1 Misses
Y: L1 Access
++++++++++++++
+   i-j-k    +
+  50 x 50    
1141 :X 
190877 :Y 

++++++++++++++
+   j-i-k    +
+  50 x 50    
3638 :X 
314256 :Y 

++++++++++++++
+   j-k-i    +
+  50 x 50    
3656 :X 
378106 :Y 

++++++++++++++
+   k-j-i    +
+  50 x 50    
1783 :X 
388204 :Y 

++++++++++++++
+   i-k-j    +
+  50 x 50    
1051 :X 
135243 :Y 

++++++++++++++
+   k-i-j    +
+  50 x 50    
1184 :X 
135255 :Y 

X: L1 Misses
Y: L1 Access
++++++++++++++
+   i-j-k    +
+  200 x 200    
1065591 :X 
12041195 :Y 

++++++++++++++
+   j-i-k    +
+  200 x 200    
1229481 :X 
20022645 :Y 

++++++++++++++
+   j-k-i    +
+  200 x 200    
1257540 :X 
22522986 :Y 

++++++++++++++
+   k-j-i    +
+  200 x 200    
1219208 :X 
23443409 :Y 

++++++++++++++
+   i-k-j    +
+  200 x 200    
999483 :X 
8040909 :Y 

++++++++++++++
+   k-i-j    +
+  200 x 200    
1039941 :X 
8040930 :Y 

X: L1 Misses
Y: L1 Access
++++++++++++++
+   i-j-k    +
+  2000 x 2000    
6517855075 :X 
12008359447 :Y 

++++++++++++++
+   j-i-k    +
+  2000 x 2000    
6980230431 :X 
20006045888 :Y 

++++++++++++++
+   j-k-i    +
+  2000 x 2000    
23871875363 :X 
22073162721 :Y 

++++++++++++++
+   k-j-i    +
+  2000 x 2000    
23847215233 :X 
23064914597 :Y 

++++++++++++++
+   i-k-j    +
+  2000 x 2000    
1035839813 :X 
8004616297 :Y 

++++++++++++++
+   k-i-j    +
+  2000 x 2000    
1057511741 :X 
8004709407 :Y 

X: L2 Misses
Y: L2 Access
++++++++++++++
+   i-j-k    +
+  50 x 50    
288 :X 
1068 :Y 

++++++++++++++
+   j-i-k    +
+  50 x 50    
344 :X 
3192 :Y 

++++++++++++++
+   j-k-i    +
+  50 x 50    
475 :X 
3520 :Y 

++++++++++++++
+   k-j-i    +
+  50 x 50    
416 :X 
1793 :Y 

++++++++++++++
+   i-k-j    +
+  50 x 50    
305 :X 
1050 :Y 

++++++++++++++
+   k-i-j    +
+  50 x 50    
401 :X 
1176 :Y 

X: L2 Misses
Y: L2 Access
++++++++++++++
+   i-j-k    +
+  200 x 200    
703109 :X 
1066318 :Y 

++++++++++++++
+   j-i-k    +
+  200 x 200    
231855 :X 
1228570 :Y 

++++++++++++++
+   j-k-i    +
+  200 x 200    
1011410 :X 
1253292 :Y 

++++++++++++++
+   k-j-i    +
+  200 x 200    
558821 :X 
1206139 :Y 

++++++++++++++
+   i-k-j    +
+  200 x 200    
320736 :X 
999428 :Y 

++++++++++++++
+   k-i-j    +
+  200 x 200    
403703 :X 
1040172 :Y 

X: L2 Misses
Y: L2 Access
++++++++++++++
+   i-j-k    +
+  2000 x 2000    
4051386555 :X 
6517732599 :Y 

++++++++++++++
+   j-i-k    +
+  2000 x 2000    
4851934411 :X 
6980230790 :Y 

++++++++++++++
+   j-k-i    +
+  2000 x 2000    
20387389913 :X 
23871890587 :Y 

++++++++++++++
+   k-j-i    +
+  2000 x 2000    
20386868063 :X 
23847225527 :Y 

++++++++++++++
+   i-k-j    +
+  2000 x 2000    
875309865 :X 
1035840154 :Y 

++++++++++++++
+   k-i-j    +
+  2000 x 2000    
874989839 :X 
1057517595 :Y 

X: FLOPS
++++++++++++++
+   i-j-k    +
+  50 x 50    
252492 :X

++++++++++++++
+   j-i-k    +
+  50 x 50    
250004 :X

++++++++++++++
+   j-k-i    +
+  50 x 50    
250696 :X

++++++++++++++
+   k-j-i    +
+  50 x 50    
252236 :X

++++++++++++++
+   i-k-j    +
+  50 x 50    
255016 :X

++++++++++++++
+   k-i-j    +
+  50 x 50    
254364 :X

X: FLOPS
++++++++++++++
+   i-j-k    +
+  200 x 200    
16016952 :X

++++++++++++++
+   j-i-k    +
+  200 x 200    
16001002 :X

++++++++++++++
+   j-k-i    +
+  200 x 200    
16046664 :X

++++++++++++++
+   k-j-i    +
+  200 x 200    
16003006 :X

++++++++++++++
+   i-k-j    +
+  200 x 200    
19040058 :X

++++++++++++++
+   k-i-j    +
+  200 x 200    
18387366 :X

X: FLOPS
++++++++++++++
+   i-j-k    +
+  2000 x 2000    
16002379970 :X

++++++++++++++
+   j-i-k    +
+  2000 x 2000    
16001542954 :X

++++++++++++++
+   j-k-i    +
+  2000 x 2000    
16001815094 :X

++++++++++++++
+   k-j-i    +
+  2000 x 2000    
16002250024 :X

++++++++++++++
+   i-k-j    +
+  2000 x 2000    
20603538658 :X

++++++++++++++
+   k-i-j    +
+  2000 x 2000    
20237171005 :X

X: Load Instructions
Y: Store Instructions
++++++++++++++
+   i-j-k    +
+  50 x 50    
190241 :X 
2651 :Y 

++++++++++++++
+   j-i-k    +
+  50 x 50    
314311 :X 
126502 :Y 

++++++++++++++
+   j-k-i    +
+  50 x 50    
378099 :X 
133056 :Y 

++++++++++++++
+   k-j-i    +
+  50 x 50    
388201 :X 
128009 :Y 

++++++++++++++
+   i-k-j    +
+  50 x 50    
135238 :X 
65151 :Y 

++++++++++++++
+   k-i-j    +
+  50 x 50    
135246 :X 
65151 :Y 

X: Load Instructions
Y: Store Instructions
++++++++++++++
+   i-j-k    +
+  200 x 200    
12041184 :X 
40451 :Y 

++++++++++++++
+   j-i-k    +
+  200 x 200    
20022717 :X 
8020852 :Y 

++++++++++++++
+   j-k-i    +
+  200 x 200    
22523058 :X 
8122056 :Y 

++++++++++++++
+   k-j-i    +
+  200 x 200    
23443399 :X 
8041859 :Y 

++++++++++++++
+   i-k-j    +
+  200 x 200    
8040886 :X 
4000451 :Y 

++++++++++++++
+   k-i-j    +
+  200 x 200    
8041008 :X 
4000451 :Y 

X: Load Instructions
Y: Store Instructions
++++++++++++++
+   i-j-k    +
+  2000 x 2000    
12008269166 :X 
4004051 :Y 

++++++++++++++
+   j-i-k    +
+  2000 x 2000    
20005973574 :X 
8002008052 :Y 

++++++++++++++
+   j-k-i    +
+  2000 x 2000    
22072720477 :X 
8012020056 :Y 

++++++++++++++
+   k-j-i    +
+  2000 x 2000    
23064915533 :X 
8004018059 :Y 

++++++++++++++
+   i-k-j    +
+  2000 x 2000    
8004616912 :X 
4000004051 :Y 

++++++++++++++
+   k-i-j    +
+  2000 x 2000    
8004711049 :X 
4000004051 :Y 

X: Total Cycles
Y: Total Instructions
++++++++++++++
+   i-j-k    +
+  50 x 50    
228313 :X 
639845 :Y 

++++++++++++++
+   j-i-k    +
+  50 x 50    
632968 :X 
1017688 :Y 

++++++++++++++
+   j-k-i    +
+  50 x 50    
349083 :X 
909206 :Y 

++++++++++++++
+   k-j-i    +
+  50 x 50    
362160 :X 
914267 :Y 

++++++++++++++
+   i-k-j    +
+  50 x 50    
142938 :X 
418490 :Y 

++++++++++++++
+   k-i-j    +
+  50 x 50    
147801 :X 
425887 :Y 

X: Total Cycles
Y: Total Instructions
++++++++++++++
+   i-j-k    +
+  200 x 200    
15861880 :X 
40223500 :Y 

++++++++++++++
+   j-i-k    +
+  200 x 200    
44172498 :X 
64264904 :Y 

++++++++++++++
+   j-k-i    +
+  200 x 200    
30303105 :X 
53285914 :Y 

++++++++++++++
+   k-j-i    +
+  200 x 200    
31043719 :X 
54126127 :Y 

++++++++++++++
+   i-k-j    +
+  200 x 200    
10396492 :X 
20323093 :Y 

++++++++++++++
+   k-i-j    +
+  200 x 200    
11349071 :X 
20402691 :Y 

X: Total Cycles
Y: Total Instructions
++++++++++++++
+   i-j-k    +
+  2000 x 2000    
127225683772 :X 
40022073628 :Y 

++++++++++++++
+   j-i-k    +
+  2000 x 2000    
117917705187 :X 
64026084605 :Y 

++++++++++++++
+   j-k-i    +
+  2000 x 2000    
632768742324 :X 
52128261791 :Y 

++++++++++++++
+   k-j-i    +
+  2000 x 2000    
632838924419 :X 
53112263890 :Y 

++++++++++++++
+   i-k-j    +
+  2000 x 2000    
17983588647 :X 
19132034150 :Y 

++++++++++++++
+   k-i-j    +
+  2000 x 2000    
20368099362 :X 
19140030929 :Y 

