++++++++++++++
+   i-j-k    +
+  50 x 50     +
elapsed time = 85181 nanoseconds

++++++++++++++
+   j-i-k    +
+  50 x 50     +
elapsed time = 202509 nanoseconds

++++++++++++++
+   j-k-i    +
+  50 x 50     +
elapsed time = 132218 nanoseconds

++++++++++++++
+   k-j-i    +
+  50 x 50     +
elapsed time = 112585 nanoseconds

++++++++++++++
+   i-k-j    +
+  50 x 50     +
elapsed time = 45630 nanoseconds

++++++++++++++
+   k-i-j    +
+  50 x 50     +
elapsed time = 45917 nanoseconds

++++++++++++++
+   i-j-k    +
+  200 x 200     +
elapsed time = 5187139 nanoseconds

++++++++++++++
+   j-i-k    +
+  200 x 200     +
elapsed time = 14254677 nanoseconds

++++++++++++++
+   j-k-i    +
+  200 x 200     +
elapsed time = 9596939 nanoseconds

++++++++++++++
+   k-j-i    +
+  200 x 200     +
elapsed time = 9912449 nanoseconds

++++++++++++++
+   i-k-j    +
+  200 x 200     +
elapsed time = 3359280 nanoseconds

++++++++++++++
+   k-i-j    +
+  200 x 200     +
elapsed time = 3707264 nanoseconds

++++++++++++++
+   i-j-k    +
+  2000 x 2000     +
elapsed time = 41097695077 nanoseconds

++++++++++++++
+   j-i-k    +
+  2000 x 2000     +
elapsed time = 38167463127 nanoseconds

++++++++++++++
+   j-k-i    +
+  2000 x 2000     +
elapsed time = 202189879742 nanoseconds

++++++++++++++
+   k-j-i    +
+  2000 x 2000     +
elapsed time = 202150384315 nanoseconds

++++++++++++++
+   i-k-j    +
+  2000 x 2000     +
elapsed time = 5774640900 nanoseconds

++++++++++++++
+   k-i-j    +
+  2000 x 2000     +
elapsed time = 6584345352 nanoseconds

